<?xml version="1.0" encoding="UTF-8"?>
<testsuite xmlns:xsi="http://www.w3.org/2001/XMLSchema-instance" xsi:noNamespaceSchemaLocation="https://maven.apache.org/surefire/maven-surefire-plugin/xsd/surefire-test-report-3.0.xsd" version="3.0" name="com.ejemplo.camel.AppTest" time="0.024" tests="1" errors="0" skipped="0" failures="0">
  <properties>
    <property name="sun.desktop" value="windows"/>
    <property name="awt.toolkit" value="sun.awt.windows.WToolkit"/>
    <property name="java.specification.version" value="11"/>
    <property name="sun.cpu.isalist" value="amd64"/>
    <property name="sun.jnu.encoding" value="Cp1252"/>
    <property name="java.class.path" value="D:\Universidad\Sistemas Integrados\Rabbit\camel-rabbit-lab\target\test-classes;D:\Universidad\Sistemas Integrados\Rabbit\camel-rabbit-lab\target\classes;C:\Users\Kevito\.m2\repository\org\apache\camel\springboot\camel-spring-boot-starter\3.20.2\camel-spring-boot-starter-3.20.2.jar;C:\Users\Kevito\.m2\repository\org\apache\camel\springboot\camel-spring-boot\3.20.2\camel-spring-boot-3.20.2.jar;C:\Users\Kevito\.m2\repository\org\apache\camel\camel-spring\3.20.2\camel-spring-3.20.2.jar;C:\Users\Kevito\.m2\repository\org\apache\camel\camel-management-api\3.20.2\camel-management-api-3.20.2.jar;C:\Users\Kevito\.m2\repository\org\springframework\spring-aop\5.3.31\spring-aop-5.3.31.jar;C:\Users\Kevito\.m2\repository\org\springframework\spring-beans\5.3.31\spring-beans-5.3.31.jar;C:\Users\Kevito\.m2\repository\org\springframework\spring-expression\5.3.31\spring-expression-5.3.31.jar;C:\Users\Kevito\.m2\repository\org\springframework\spring-tx\5.3.31\spring-tx-5.3.31.jar;C:\Users\Kevito\.m2\repository\org\apache\camel\camel-spring-main\3.20.2\camel-spring-main-3.20.2.jar;C:\Users\Kevito\.m2\repository\org\apache\camel\camel-main\3.20.2\camel-main-3.20.2.jar;C:\Users\Kevito\.m2\repository\org\apache\camel\camel-base\3.20.2\camel-base-3.20.2.jar;C:\Users\Kevito\.m2\repository\org\apache\camel\camel-core-languages\3.20.2\camel-core-languages-3.20.2.jar;C:\Users\Kevito\.m2\repository\org\apache\camel\camel-util-json\3.20.2\camel-util-json-3.20.2.jar;C:\Users\Kevito\.m2\repository\org\apache\camel\camel-xml-jaxb-dsl\3.20.2\camel-xml-jaxb-dsl-3.20.2.jar;C:\Users\Kevito\.m2\repository\org\apache\camel\camel-xml-jaxb\3.20.2\camel-xml-jaxb-3.20.2.jar;C:\Users\Kevito\.m2\repository\com\sun\xml\bind\jaxb-core\2.3.0\jaxb-core-2.3.0.jar;C:\Users\Kevito\.m2\repository\com\sun\xml\bind\jaxb-impl\2.3.3\jaxb-impl-2.3.3.jar;C:\Users\Kevito\.m2\repository\com\sun\activation\jakarta.activation\1.2.2\jakarta.activation-1.2.2.jar;C:\Users\Kevito\.m2\repository\org\apache\camel\camel-dsl-support\3.20.2\camel-dsl-support-3.20.2.jar;C:\Users\Kevito\.m2\repository\org\apache\camel\camel-spring-xml\3.20.2\camel-spring-xml-3.20.2.jar;C:\Users\Kevito\.m2\repository\org\apache\camel\camel-core-xml\3.20.2\camel-core-xml-3.20.2.jar;C:\Users\Kevito\.m2\repository\javax\annotation\javax.annotation-api\1.3.2\javax.annotation-api-1.3.2.jar;C:\Users\Kevito\.m2\repository\org\apache\camel\camel-cloud\3.20.2\camel-cloud-3.20.2.jar;C:\Users\Kevito\.m2\repository\org\apache\camel\camel-core-model\3.20.2\camel-core-model-3.20.2.jar;C:\Users\Kevito\.m2\repository\org\apache\camel\camel-core-processor\3.20.2\camel-core-processor-3.20.2.jar;C:\Users\Kevito\.m2\repository\org\apache\camel\camel-cluster\3.20.2\camel-cluster-3.20.2.jar;C:\Users\Kevito\.m2\repository\org\apache\camel\camel-base-engine\3.20.2\camel-base-engine-3.20.2.jar;C:\Users\Kevito\.m2\repository\org\apache\camel\camel-health\3.20.2\camel-health-3.20.2.jar;C:\Users\Kevito\.m2\repository\org\apache\camel\springboot\camel-core-starter\3.20.2\camel-core-starter-3.20.2.jar;C:\Users\Kevito\.m2\repository\org\apache\camel\camel-core-engine\3.20.2\camel-core-engine-3.20.2.jar;C:\Users\Kevito\.m2\repository\org\apache\camel\camel-api\3.20.2\camel-api-3.20.2.jar;C:\Users\Kevito\.m2\repository\org\apache\camel\camel-core-reifier\3.20.2\camel-core-reifier-3.20.2.jar;C:\Users\Kevito\.m2\repository\org\apache\camel\camel-util\3.20.2\camel-util-3.20.2.jar;C:\Users\Kevito\.m2\repository\org\apache\camel\springboot\camel-bean-starter\3.20.2\camel-bean-starter-3.20.2.jar;C:\Users\Kevito\.m2\repository\org\apache\camel\camel-bean\3.20.2\camel-bean-3.20.2.jar;C:\Users\Kevito\.m2\repository\org\apache\camel\springboot\camel-browse-starter\3.20.2\camel-browse-starter-3.20.2.jar;C:\Users\Kevito\.m2\repository\org\apache\camel\camel-browse\3.20.2\camel-browse-3.20.2.jar;C:\Users\Kevito\.m2\repository\org\apache\camel\springboot\camel-controlbus-starter\3.20.2\camel-controlbus-starter-3.20.2.jar;C:\Users\Kevito\.m2\repository\org\apache\camel\camel-controlbus\3.20.2\camel-controlbus-3.20.2.jar;C:\Users\Kevito\.m2\repository\org\apache\camel\springboot\camel-dataformat-starter\3.20.2\camel-dataformat-starter-3.20.2.jar;C:\Users\Kevito\.m2\repository\org\apache\camel\camel-dataformat\3.20.2\camel-dataformat-3.20.2.jar;C:\Users\Kevito\.m2\repository\org\apache\camel\springboot\camel-dataset-starter\3.20.2\camel-dataset-starter-3.20.2.jar;C:\Users\Kevito\.m2\repository\org\apache\camel\camel-dataset\3.20.2\camel-dataset-3.20.2.jar;C:\Users\Kevito\.m2\repository\org\apache\camel\springboot\camel-direct-starter\3.20.2\camel-direct-starter-3.20.2.jar;C:\Users\Kevito\.m2\repository\org\apache\camel\camel-direct\3.20.2\camel-direct-3.20.2.jar;C:\Users\Kevito\.m2\repository\org\apache\camel\springboot\camel-directvm-starter\3.20.2\camel-directvm-starter-3.20.2.jar;C:\Users\Kevito\.m2\repository\org\apache\camel\camel-directvm\3.20.2\camel-directvm-3.20.2.jar;C:\Users\Kevito\.m2\repository\org\apache\camel\springboot\camel-file-starter\3.20.2\camel-file-starter-3.20.2.jar;C:\Users\Kevito\.m2\repository\org\apache\camel\camel-file\3.20.2\camel-file-3.20.2.jar;C:\Users\Kevito\.m2\repository\org\apache\camel\springboot\camel-language-starter\3.20.2\camel-language-starter-3.20.2.jar;C:\Users\Kevito\.m2\repository\org\apache\camel\camel-language\3.20.2\camel-language-3.20.2.jar;C:\Users\Kevito\.m2\repository\org\apache\camel\springboot\camel-log-starter\3.20.2\camel-log-starter-3.20.2.jar;C:\Users\Kevito\.m2\repository\org\apache\camel\camel-log\3.20.2\camel-log-3.20.2.jar;C:\Users\Kevito\.m2\repository\org\apache\camel\springboot\camel-mock-starter\3.20.2\camel-mock-starter-3.20.2.jar;C:\Users\Kevito\.m2\repository\org\apache\camel\camel-mock\3.20.2\camel-mock-3.20.2.jar;C:\Users\Kevito\.m2\repository\org\apache\camel\springboot\camel-ref-starter\3.20.2\camel-ref-starter-3.20.2.jar;C:\Users\Kevito\.m2\repository\org\apache\camel\camel-ref\3.20.2\camel-ref-3.20.2.jar;C:\Users\Kevito\.m2\repository\org\apache\camel\springboot\camel-rest-starter\3.20.2\camel-rest-starter-3.20.2.jar;C:\Users\Kevito\.m2\repository\org\apache\camel\camel-rest\3.20.2\camel-rest-3.20.2.jar;C:\Users\Kevito\.m2\repository\org\apache\camel\camel-tooling-model\3.20.2\camel-tooling-model-3.20.2.jar;C:\Users\Kevito\.m2\repository\org\apache\camel\springboot\camel-saga-starter\3.20.2\camel-saga-starter-3.20.2.jar;C:\Users\Kevito\.m2\repository\org\apache\camel\camel-saga\3.20.2\camel-saga-3.20.2.jar;C:\Users\Kevito\.m2\repository\org\apache\camel\springboot\camel-scheduler-starter\3.20.2\camel-scheduler-starter-3.20.2.jar;C:\Users\Kevito\.m2\repository\org\apache\camel\camel-scheduler\3.20.2\camel-scheduler-3.20.2.jar;C:\Users\Kevito\.m2\repository\org\apache\camel\springboot\camel-seda-starter\3.20.2\camel-seda-starter-3.20.2.jar;C:\Users\Kevito\.m2\repository\org\apache\camel\camel-seda\3.20.2\camel-seda-3.20.2.jar;C:\Users\Kevito\.m2\repository\org\apache\camel\springboot\camel-stub-starter\3.20.2\camel-stub-starter-3.20.2.jar;C:\Users\Kevito\.m2\repository\org\apache\camel\camel-stub\3.20.2\camel-stub-3.20.2.jar;C:\Users\Kevito\.m2\repository\org\apache\camel\springboot\camel-timer-starter\3.20.2\camel-timer-starter-3.20.2.jar;C:\Users\Kevito\.m2\repository\org\apache\camel\camel-timer\3.20.2\camel-timer-3.20.2.jar;C:\Users\Kevito\.m2\repository\org\apache\camel\springboot\camel-validator-starter\3.20.2\camel-validator-starter-3.20.2.jar;C:\Users\Kevito\.m2\repository\org\apache\camel\camel-validator\3.20.2\camel-validator-3.20.2.jar;C:\Users\Kevito\.m2\repository\org\apache\camel\springboot\camel-vm-starter\3.20.2\camel-vm-starter-3.20.2.jar;C:\Users\Kevito\.m2\repository\org\apache\camel\camel-vm\3.20.2\camel-vm-3.20.2.jar;C:\Users\Kevito\.m2\repository\org\apache\camel\springboot\camel-xpath-starter\3.20.2\camel-xpath-starter-3.20.2.jar;C:\Users\Kevito\.m2\repository\org\apache\camel\camel-xpath\3.20.2\camel-xpath-3.20.2.jar;C:\Users\Kevito\.m2\repository\org\apache\camel\springboot\camel-xslt-starter\3.20.2\camel-xslt-starter-3.20.2.jar;C:\Users\Kevito\.m2\repository\org\apache\camel\camel-xslt\3.20.2\camel-xslt-3.20.2.jar;C:\Users\Kevito\.m2\repository\org\apache\camel\springboot\camel-xml-jaxp-starter\3.20.2\camel-xml-jaxp-starter-3.20.2.jar;C:\Users\Kevito\.m2\repository\org\apache\camel\camel-xml-jaxp\3.20.2\camel-xml-jaxp-3.20.2.jar;C:\Users\Kevito\.m2\repository\org\apache\camel\camel-xml-io-util\3.20.2\camel-xml-io-util-3.20.2.jar;C:\Users\Kevito\.m2\repository\org\apache\camel\springboot\camel-rabbitmq-starter\3.20.2\camel-rabbitmq-starter-3.20.2.jar;C:\Users\Kevito\.m2\repository\org\apache\camel\camel-rabbitmq\3.20.2\camel-rabbitmq-3.20.2.jar;C:\Users\Kevito\.m2\repository\org\apache\camel\camel-support\3.20.2\camel-support-3.20.2.jar;C:\Users\Kevito\.m2\repository\org\apache\commons\commons-pool2\2.11.1\commons-pool2-2.11.1.jar;C:\Users\Kevito\.m2\repository\com\rabbitmq\amqp-client\5.14.3\amqp-client-5.14.3.jar;C:\Users\Kevito\.m2\repository\org\springframework\boot\spring-boot-starter\2.7.18\spring-boot-starter-2.7.18.jar;C:\Users\Kevito\.m2\repository\org\springframework\boot\spring-boot\2.7.18\spring-boot-2.7.18.jar;C:\Users\Kevito\.m2\repository\org\springframework\spring-context\5.3.31\spring-context-5.3.31.jar;C:\Users\Kevito\.m2\repository\org\springframework\boot\spring-boot-autoconfigure\2.7.18\spring-boot-autoconfigure-2.7.18.jar;C:\Users\Kevito\.m2\repository\org\springframework\boot\spring-boot-starter-logging\2.7.18\spring-boot-starter-logging-2.7.18.jar;C:\Users\Kevito\.m2\repository\ch\qos\logback\logback-classic\1.2.12\logback-classic-1.2.12.jar;C:\Users\Kevito\.m2\repository\ch\qos\logback\logback-core\1.2.12\logback-core-1.2.12.jar;C:\Users\Kevito\.m2\repository\org\apache\logging\log4j\log4j-to-slf4j\2.17.2\log4j-to-slf4j-2.17.2.jar;C:\Users\Kevito\.m2\repository\org\apache\logging\log4j\log4j-api\2.17.2\log4j-api-2.17.2.jar;C:\Users\Kevito\.m2\repository\org\slf4j\jul-to-slf4j\1.7.36\jul-to-slf4j-1.7.36.jar;C:\Users\Kevito\.m2\repository\jakarta\annotation\jakarta.annotation-api\1.3.5\jakarta.annotation-api-1.3.5.jar;C:\Users\Kevito\.m2\repository\org\springframework\spring-core\5.3.31\spring-core-5.3.31.jar;C:\Users\Kevito\.m2\repository\org\springframework\spring-jcl\5.3.31\spring-jcl-5.3.31.jar;C:\Users\Kevito\.m2\repository\org\yaml\snakeyaml\1.30\snakeyaml-1.30.jar;C:\Users\Kevito\.m2\repository\org\springframework\boot\spring-boot-starter-test\2.7.18\spring-boot-starter-test-2.7.18.jar;C:\Users\Kevito\.m2\repository\org\springframework\boot\spring-boot-test\2.7.18\spring-boot-test-2.7.18.jar;C:\Users\Kevito\.m2\repository\org\springframework\boot\spring-boot-test-autoconfigure\2.7.18\spring-boot-test-autoconfigure-2.7.18.jar;C:\Users\Kevito\.m2\repository\com\jayway\jsonpath\json-path\2.7.0\json-path-2.7.0.jar;C:\Users\Kevito\.m2\repository\net\minidev\json-smart\2.4.11\json-smart-2.4.11.jar;C:\Users\Kevito\.m2\repository\net\minidev\accessors-smart\2.4.11\accessors-smart-2.4.11.jar;C:\Users\Kevito\.m2\repository\org\ow2\asm\asm\9.3\asm-9.3.jar;C:\Users\Kevito\.m2\repository\org\slf4j\slf4j-api\1.7.36\slf4j-api-1.7.36.jar;C:\Users\Kevito\.m2\repository\jakarta\xml\bind\jakarta.xml.bind-api\2.3.3\jakarta.xml.bind-api-2.3.3.jar;C:\Users\Kevito\.m2\repository\jakarta\activation\jakarta.activation-api\1.2.2\jakarta.activation-api-1.2.2.jar;C:\Users\Kevito\.m2\repository\org\assertj\assertj-core\3.22.0\assertj-core-3.22.0.jar;C:\Users\Kevito\.m2\repository\org\hamcrest\hamcrest\2.2\hamcrest-2.2.jar;C:\Users\Kevito\.m2\repository\org\mockito\mockito-core\4.5.1\mockito-core-4.5.1.jar;C:\Users\Kevito\.m2\repository\net\bytebuddy\byte-buddy\1.12.23\byte-buddy-1.12.23.jar;C:\Users\Kevito\.m2\repository\net\bytebuddy\byte-buddy-agent\1.12.23\byte-buddy-agent-1.12.23.jar;C:\Users\Kevito\.m2\repository\org\objenesis\objenesis\3.2\objenesis-3.2.jar;C:\Users\Kevito\.m2\repository\org\mockito\mockito-junit-jupiter\4.5.1\mockito-junit-jupiter-4.5.1.jar;C:\Users\Kevito\.m2\repository\org\skyscreamer\jsonassert\1.5.1\jsonassert-1.5.1.jar;C:\Users\Kevito\.m2\repository\com\vaadin\external\google\android-json\0.0.20131108.vaadin1\android-json-0.0.20131108.vaadin1.jar;C:\Users\Kevito\.m2\repository\org\springframework\spring-test\5.3.31\spring-test-5.3.31.jar;C:\Users\Kevito\.m2\repository\org\xmlunit\xmlunit-core\2.9.1\xmlunit-core-2.9.1.jar;C:\Users\Kevito\.m2\repository\org\junit\jupiter\junit-jupiter\5.10.0\junit-jupiter-5.10.0.jar;C:\Users\Kevito\.m2\repository\org\junit\jupiter\junit-jupiter-api\5.8.2\junit-jupiter-api-5.8.2.jar;C:\Users\Kevito\.m2\repository\org\opentest4j\opentest4j\1.2.0\opentest4j-1.2.0.jar;C:\Users\Kevito\.m2\repository\org\junit\platform\junit-platform-commons\1.8.2\junit-platform-commons-1.8.2.jar;C:\Users\Kevito\.m2\repository\org\apiguardian\apiguardian-api\1.1.2\apiguardian-api-1.1.2.jar;C:\Users\Kevito\.m2\repository\org\junit\jupiter\junit-jupiter-params\5.8.2\junit-jupiter-params-5.8.2.jar;C:\Users\Kevito\.m2\repository\org\junit\jupiter\junit-jupiter-engine\5.8.2\junit-jupiter-engine-5.8.2.jar;C:\Users\Kevito\.m2\repository\org\junit\platform\junit-platform-engine\1.8.2\junit-platform-engine-1.8.2.jar;"/>
    <property name="java.vm.vendor" value="Eclipse Adoptium"/>
    <property name="sun.arch.data.model" value="64"/>
    <property name="user.variant" value=""/>
    <property name="java.vendor.url" value="https://adoptium.net/"/>
    <property name="user.timezone" value="America/Guayaquil"/>
    <property name="java.vm.specification.version" value="11"/>
    <property name="os.name" value="Windows 11"/>
    <property name="sun.java.launcher" value="SUN_STANDARD"/>
    <property name="user.country" value="ES"/>
    <property name="sun.boot.library.path" value="C:\Program Files\Eclipse Adoptium\jdk-11.0.27.6-hotspot\bin"/>
    <property name="sun.java.command" value="C:\Users\Kevito\AppData\Local\Temp\surefire11894204860490419265\surefirebooter-20250611210944096_3.jar C:\Users\Kevito\AppData\Local\Temp\surefire11894204860490419265 2025-06-11T21-09-43_945-jvmRun1 surefire-20250611210944096_1tmp surefire_0-20250611210944096_2tmp"/>
    <property name="jdk.debug" value="release"/>
    <property name="surefire.test.class.path" value="D:\Universidad\Sistemas Integrados\Rabbit\camel-rabbit-lab\target\test-classes;D:\Universidad\Sistemas Integrados\Rabbit\camel-rabbit-lab\target\classes;C:\Users\Kevito\.m2\repository\org\apache\camel\springboot\camel-spring-boot-starter\3.20.2\camel-spring-boot-starter-3.20.2.jar;C:\Users\Kevito\.m2\repository\org\apache\camel\springboot\camel-spring-boot\3.20.2\camel-spring-boot-3.20.2.jar;C:\Users\Kevito\.m2\repository\org\apache\camel\camel-spring\3.20.2\camel-spring-3.20.2.jar;C:\Users\Kevito\.m2\repository\org\apache\camel\camel-management-api\3.20.2\camel-management-api-3.20.2.jar;C:\Users\Kevito\.m2\repository\org\springframework\spring-aop\5.3.31\spring-aop-5.3.31.jar;C:\Users\Kevito\.m2\repository\org\springframework\spring-beans\5.3.31\spring-beans-5.3.31.jar;C:\Users\Kevito\.m2\repository\org\springframework\spring-expression\5.3.31\spring-expression-5.3.31.jar;C:\Users\Kevito\.m2\repository\org\springframework\spring-tx\5.3.31\spring-tx-5.3.31.jar;C:\Users\Kevito\.m2\repository\org\apache\camel\camel-spring-main\3.20.2\camel-spring-main-3.20.2.jar;C:\Users\Kevito\.m2\repository\org\apache\camel\camel-main\3.20.2\camel-main-3.20.2.jar;C:\Users\Kevito\.m2\repository\org\apache\camel\camel-base\3.20.2\camel-base-3.20.2.jar;C:\Users\Kevito\.m2\repository\org\apache\camel\camel-core-languages\3.20.2\camel-core-languages-3.20.2.jar;C:\Users\Kevito\.m2\repository\org\apache\camel\camel-util-json\3.20.2\camel-util-json-3.20.2.jar;C:\Users\Kevito\.m2\repository\org\apache\camel\camel-xml-jaxb-dsl\3.20.2\camel-xml-jaxb-dsl-3.20.2.jar;C:\Users\Kevito\.m2\repository\org\apache\camel\camel-xml-jaxb\3.20.2\camel-xml-jaxb-3.20.2.jar;C:\Users\Kevito\.m2\repository\com\sun\xml\bind\jaxb-core\2.3.0\jaxb-core-2.3.0.jar;C:\Users\Kevito\.m2\repository\com\sun\xml\bind\jaxb-impl\2.3.3\jaxb-impl-2.3.3.jar;C:\Users\Kevito\.m2\repository\com\sun\activation\jakarta.activation\1.2.2\jakarta.activation-1.2.2.jar;C:\Users\Kevito\.m2\repository\org\apache\camel\camel-dsl-support\3.20.2\camel-dsl-support-3.20.2.jar;C:\Users\Kevito\.m2\repository\org\apache\camel\camel-spring-xml\3.20.2\camel-spring-xml-3.20.2.jar;C:\Users\Kevito\.m2\repository\org\apache\camel\camel-core-xml\3.20.2\camel-core-xml-3.20.2.jar;C:\Users\Kevito\.m2\repository\javax\annotation\javax.annotation-api\1.3.2\javax.annotation-api-1.3.2.jar;C:\Users\Kevito\.m2\repository\org\apache\camel\camel-cloud\3.20.2\camel-cloud-3.20.2.jar;C:\Users\Kevito\.m2\repository\org\apache\camel\camel-core-model\3.20.2\camel-core-model-3.20.2.jar;C:\Users\Kevito\.m2\repository\org\apache\camel\camel-core-processor\3.20.2\camel-core-processor-3.20.2.jar;C:\Users\Kevito\.m2\repository\org\apache\camel\camel-cluster\3.20.2\camel-cluster-3.20.2.jar;C:\Users\Kevito\.m2\repository\org\apache\camel\camel-base-engine\3.20.2\camel-base-engine-3.20.2.jar;C:\Users\Kevito\.m2\repository\org\apache\camel\camel-health\3.20.2\camel-health-3.20.2.jar;C:\Users\Kevito\.m2\repository\org\apache\camel\springboot\camel-core-starter\3.20.2\camel-core-starter-3.20.2.jar;C:\Users\Kevito\.m2\repository\org\apache\camel\camel-core-engine\3.20.2\camel-core-engine-3.20.2.jar;C:\Users\Kevito\.m2\repository\org\apache\camel\camel-api\3.20.2\camel-api-3.20.2.jar;C:\Users\Kevito\.m2\repository\org\apache\camel\camel-core-reifier\3.20.2\camel-core-reifier-3.20.2.jar;C:\Users\Kevito\.m2\repository\org\apache\camel\camel-util\3.20.2\camel-util-3.20.2.jar;C:\Users\Kevito\.m2\repository\org\apache\camel\springboot\camel-bean-starter\3.20.2\camel-bean-starter-3.20.2.jar;C:\Users\Kevito\.m2\repository\org\apache\camel\camel-bean\3.20.2\camel-bean-3.20.2.jar;C:\Users\Kevito\.m2\repository\org\apache\camel\springboot\camel-browse-starter\3.20.2\camel-browse-starter-3.20.2.jar;C:\Users\Kevito\.m2\repository\org\apache\camel\camel-browse\3.20.2\camel-browse-3.20.2.jar;C:\Users\Kevito\.m2\repository\org\apache\camel\springboot\camel-controlbus-starter\3.20.2\camel-controlbus-starter-3.20.2.jar;C:\Users\Kevito\.m2\repository\org\apache\camel\camel-controlbus\3.20.2\camel-controlbus-3.20.2.jar;C:\Users\Kevito\.m2\repository\org\apache\camel\springboot\camel-dataformat-starter\3.20.2\camel-dataformat-starter-3.20.2.jar;C:\Users\Kevito\.m2\repository\org\apache\camel\camel-dataformat\3.20.2\camel-dataformat-3.20.2.jar;C:\Users\Kevito\.m2\repository\org\apache\camel\springboot\camel-dataset-starter\3.20.2\camel-dataset-starter-3.20.2.jar;C:\Users\Kevito\.m2\repository\org\apache\camel\camel-dataset\3.20.2\camel-dataset-3.20.2.jar;C:\Users\Kevito\.m2\repository\org\apache\camel\springboot\camel-direct-starter\3.20.2\camel-direct-starter-3.20.2.jar;C:\Users\Kevito\.m2\repository\org\apache\camel\camel-direct\3.20.2\camel-direct-3.20.2.jar;C:\Users\Kevito\.m2\repository\org\apache\camel\springboot\camel-directvm-starter\3.20.2\camel-directvm-starter-3.20.2.jar;C:\Users\Kevito\.m2\repository\org\apache\camel\camel-directvm\3.20.2\camel-directvm-3.20.2.jar;C:\Users\Kevito\.m2\repository\org\apache\camel\springboot\camel-file-starter\3.20.2\camel-file-starter-3.20.2.jar;C:\Users\Kevito\.m2\repository\org\apache\camel\camel-file\3.20.2\camel-file-3.20.2.jar;C:\Users\Kevito\.m2\repository\org\apache\camel\springboot\camel-language-starter\3.20.2\camel-language-starter-3.20.2.jar;C:\Users\Kevito\.m2\repository\org\apache\camel\camel-language\3.20.2\camel-language-3.20.2.jar;C:\Users\Kevito\.m2\repository\org\apache\camel\springboot\camel-log-starter\3.20.2\camel-log-starter-3.20.2.jar;C:\Users\Kevito\.m2\repository\org\apache\camel\camel-log\3.20.2\camel-log-3.20.2.jar;C:\Users\Kevito\.m2\repository\org\apache\camel\springboot\camel-mock-starter\3.20.2\camel-mock-starter-3.20.2.jar;C:\Users\Kevito\.m2\repository\org\apache\camel\camel-mock\3.20.2\camel-mock-3.20.2.jar;C:\Users\Kevito\.m2\repository\org\apache\camel\springboot\camel-ref-starter\3.20.2\camel-ref-starter-3.20.2.jar;C:\Users\Kevito\.m2\repository\org\apache\camel\camel-ref\3.20.2\camel-ref-3.20.2.jar;C:\Users\Kevito\.m2\repository\org\apache\camel\springboot\camel-rest-starter\3.20.2\camel-rest-starter-3.20.2.jar;C:\Users\Kevito\.m2\repository\org\apache\camel\camel-rest\3.20.2\camel-rest-3.20.2.jar;C:\Users\Kevito\.m2\repository\org\apache\camel\camel-tooling-model\3.20.2\camel-tooling-model-3.20.2.jar;C:\Users\Kevito\.m2\repository\org\apache\camel\springboot\camel-saga-starter\3.20.2\camel-saga-starter-3.20.2.jar;C:\Users\Kevito\.m2\repository\org\apache\camel\camel-saga\3.20.2\camel-saga-3.20.2.jar;C:\Users\Kevito\.m2\repository\org\apache\camel\springboot\camel-scheduler-starter\3.20.2\camel-scheduler-starter-3.20.2.jar;C:\Users\Kevito\.m2\repository\org\apache\camel\camel-scheduler\3.20.2\camel-scheduler-3.20.2.jar;C:\Users\Kevito\.m2\repository\org\apache\camel\springboot\camel-seda-starter\3.20.2\camel-seda-starter-3.20.2.jar;C:\Users\Kevito\.m2\repository\org\apache\camel\camel-seda\3.20.2\camel-seda-3.20.2.jar;C:\Users\Kevito\.m2\repository\org\apache\camel\springboot\camel-stub-starter\3.20.2\camel-stub-starter-3.20.2.jar;C:\Users\Kevito\.m2\repository\org\apache\camel\camel-stub\3.20.2\camel-stub-3.20.2.jar;C:\Users\Kevito\.m2\repository\org\apache\camel\springboot\camel-timer-starter\3.20.2\camel-timer-starter-3.20.2.jar;C:\Users\Kevito\.m2\repository\org\apache\camel\camel-timer\3.20.2\camel-timer-3.20.2.jar;C:\Users\Kevito\.m2\repository\org\apache\camel\springboot\camel-validator-starter\3.20.2\camel-validator-starter-3.20.2.jar;C:\Users\Kevito\.m2\repository\org\apache\camel\camel-validator\3.20.2\camel-validator-3.20.2.jar;C:\Users\Kevito\.m2\repository\org\apache\camel\springboot\camel-vm-starter\3.20.2\camel-vm-starter-3.20.2.jar;C:\Users\Kevito\.m2\repository\org\apache\camel\camel-vm\3.20.2\camel-vm-3.20.2.jar;C:\Users\Kevito\.m2\repository\org\apache\camel\springboot\camel-xpath-starter\3.20.2\camel-xpath-starter-3.20.2.jar;C:\Users\Kevito\.m2\repository\org\apache\camel\camel-xpath\3.20.2\camel-xpath-3.20.2.jar;C:\Users\Kevito\.m2\repository\org\apache\camel\springboot\camel-xslt-starter\3.20.2\camel-xslt-starter-3.20.2.jar;C:\Users\Kevito\.m2\repository\org\apache\camel\camel-xslt\3.20.2\camel-xslt-3.20.2.jar;C:\Users\Kevito\.m2\repository\org\apache\camel\springboot\camel-xml-jaxp-starter\3.20.2\camel-xml-jaxp-starter-3.20.2.jar;C:\Users\Kevito\.m2\repository\org\apache\camel\camel-xml-jaxp\3.20.2\camel-xml-jaxp-3.20.2.jar;C:\Users\Kevito\.m2\repository\org\apache\camel\camel-xml-io-util\3.20.2\camel-xml-io-util-3.20.2.jar;C:\Users\Kevito\.m2\repository\org\apache\camel\springboot\camel-rabbitmq-starter\3.20.2\camel-rabbitmq-starter-3.20.2.jar;C:\Users\Kevito\.m2\repository\org\apache\camel\camel-rabbitmq\3.20.2\camel-rabbitmq-3.20.2.jar;C:\Users\Kevito\.m2\repository\org\apache\camel\camel-support\3.20.2\camel-support-3.20.2.jar;C:\Users\Kevito\.m2\repository\org\apache\commons\commons-pool2\2.11.1\commons-pool2-2.11.1.jar;C:\Users\Kevito\.m2\repository\com\rabbitmq\amqp-client\5.14.3\amqp-client-5.14.3.jar;C:\Users\Kevito\.m2\repository\org\springframework\boot\spring-boot-starter\2.7.18\spring-boot-starter-2.7.18.jar;C:\Users\Kevito\.m2\repository\org\springframework\boot\spring-boot\2.7.18\spring-boot-2.7.18.jar;C:\Users\Kevito\.m2\repository\org\springframework\spring-context\5.3.31\spring-context-5.3.31.jar;C:\Users\Kevito\.m2\repository\org\springframework\boot\spring-boot-autoconfigure\2.7.18\spring-boot-autoconfigure-2.7.18.jar;C:\Users\Kevito\.m2\repository\org\springframework\boot\spring-boot-starter-logging\2.7.18\spring-boot-starter-logging-2.7.18.jar;C:\Users\Kevito\.m2\repository\ch\qos\logback\logback-classic\1.2.12\logback-classic-1.2.12.jar;C:\Users\Kevito\.m2\repository\ch\qos\logback\logback-core\1.2.12\logback-core-1.2.12.jar;C:\Users\Kevito\.m2\repository\org\apache\logging\log4j\log4j-to-slf4j\2.17.2\log4j-to-slf4j-2.17.2.jar;C:\Users\Kevito\.m2\repository\org\apache\logging\log4j\log4j-api\2.17.2\log4j-api-2.17.2.jar;C:\Users\Kevito\.m2\repository\org\slf4j\jul-to-slf4j\1.7.36\jul-to-slf4j-1.7.36.jar;C:\Users\Kevito\.m2\repository\jakarta\annotation\jakarta.annotation-api\1.3.5\jakarta.annotation-api-1.3.5.jar;C:\Users\Kevito\.m2\repository\org\springframework\spring-core\5.3.31\spring-core-5.3.31.jar;C:\Users\Kevito\.m2\repository\org\springframework\spring-jcl\5.3.31\spring-jcl-5.3.31.jar;C:\Users\Kevito\.m2\repository\org\yaml\snakeyaml\1.30\snakeyaml-1.30.jar;C:\Users\Kevito\.m2\repository\org\springframework\boot\spring-boot-starter-test\2.7.18\spring-boot-starter-test-2.7.18.jar;C:\Users\Kevito\.m2\repository\org\springframework\boot\spring-boot-test\2.7.18\spring-boot-test-2.7.18.jar;C:\Users\Kevito\.m2\repository\org\springframework\boot\spring-boot-test-autoconfigure\2.7.18\spring-boot-test-autoconfigure-2.7.18.jar;C:\Users\Kevito\.m2\repository\com\jayway\jsonpath\json-path\2.7.0\json-path-2.7.0.jar;C:\Users\Kevito\.m2\repository\net\minidev\json-smart\2.4.11\json-smart-2.4.11.jar;C:\Users\Kevito\.m2\repository\net\minidev\accessors-smart\2.4.11\accessors-smart-2.4.11.jar;C:\Users\Kevito\.m2\repository\org\ow2\asm\asm\9.3\asm-9.3.jar;C:\Users\Kevito\.m2\repository\org\slf4j\slf4j-api\1.7.36\slf4j-api-1.7.36.jar;C:\Users\Kevito\.m2\repository\jakarta\xml\bind\jakarta.xml.bind-api\2.3.3\jakarta.xml.bind-api-2.3.3.jar;C:\Users\Kevito\.m2\repository\jakarta\activation\jakarta.activation-api\1.2.2\jakarta.activation-api-1.2.2.jar;C:\Users\Kevito\.m2\repository\org\assertj\assertj-core\3.22.0\assertj-core-3.22.0.jar;C:\Users\Kevito\.m2\repository\org\hamcrest\hamcrest\2.2\hamcrest-2.2.jar;C:\Users\Kevito\.m2\repository\org\mockito\mockito-core\4.5.1\mockito-core-4.5.1.jar;C:\Users\Kevito\.m2\repository\net\bytebuddy\byte-buddy\1.12.23\byte-buddy-1.12.23.jar;C:\Users\Kevito\.m2\repository\net\bytebuddy\byte-buddy-agent\1.12.23\byte-buddy-agent-1.12.23.jar;C:\Users\Kevito\.m2\repository\org\objenesis\objenesis\3.2\objenesis-3.2.jar;C:\Users\Kevito\.m2\repository\org\mockito\mockito-junit-jupiter\4.5.1\mockito-junit-jupiter-4.5.1.jar;C:\Users\Kevito\.m2\repository\org\skyscreamer\jsonassert\1.5.1\jsonassert-1.5.1.jar;C:\Users\Kevito\.m2\repository\com\vaadin\external\google\android-json\0.0.20131108.vaadin1\android-json-0.0.20131108.vaadin1.jar;C:\Users\Kevito\.m2\repository\org\springframework\spring-test\5.3.31\spring-test-5.3.31.jar;C:\Users\Kevito\.m2\repository\org\xmlunit\xmlunit-core\2.9.1\xmlunit-core-2.9.1.jar;C:\Users\Kevito\.m2\repository\org\junit\jupiter\junit-jupiter\5.10.0\junit-jupiter-5.10.0.jar;C:\Users\Kevito\.m2\repository\org\junit\jupiter\junit-jupiter-api\5.8.2\junit-jupiter-api-5.8.2.jar;C:\Users\Kevito\.m2\repository\org\opentest4j\opentest4j\1.2.0\opentest4j-1.2.0.jar;C:\Users\Kevito\.m2\repository\org\junit\platform\junit-platform-commons\1.8.2\junit-platform-commons-1.8.2.jar;C:\Users\Kevito\.m2\repository\org\apiguardian\apiguardian-api\1.1.2\apiguardian-api-1.1.2.jar;C:\Users\Kevito\.m2\repository\org\junit\jupiter\junit-jupiter-params\5.8.2\junit-jupiter-params-5.8.2.jar;C:\Users\Kevito\.m2\repository\org\junit\jupiter\junit-jupiter-engine\5.8.2\junit-jupiter-engine-5.8.2.jar;C:\Users\Kevito\.m2\repository\org\junit\platform\junit-platform-engine\1.8.2\junit-platform-engine-1.8.2.jar;"/>
    <property name="sun.cpu.endian" value="little"/>
    <property name="user.home" value="C:\Users\Kevito"/>
    <property name="user.language" value="es"/>
    <property name="java.specification.vendor" value="Oracle Corporation"/>
    <property name="java.version.date" value="2025-04-15"/>
    <property name="java.home" value="C:\Program Files\Eclipse Adoptium\jdk-11.0.27.6-hotspot"/>
    <property name="file.separator" value="\"/>
    <property name="basedir" value="D:\Universidad\Sistemas Integrados\Rabbit\camel-rabbit-lab"/>
    <property name="java.vm.compressedOopsMode" value="Zero based"/>
    <property name="line.separator" value="&#10;"/>
    <property name="java.specification.name" value="Java Platform API Specification"/>
    <property name="java.vm.specification.vendor" value="Oracle Corporation"/>
    <property name="java.awt.graphicsenv" value="sun.awt.Win32GraphicsEnvironment"/>
    <property name="surefire.real.class.path" value="C:\Users\Kevito\AppData\Local\Temp\surefire11894204860490419265\surefirebooter-20250611210944096_3.jar"/>
    <property name="user.script" value=""/>
    <property name="sun.management.compiler" value="HotSpot 64-Bit Tiered Compilers"/>
    <property name="java.runtime.version" value="11.0.27+6"/>
    <property name="user.name" value="Kevito"/>
    <property name="path.separator" value=";"/>
    <property name="os.version" value="10.0"/>
    <property name="java.runtime.name" value="OpenJDK Runtime Environment"/>
    <property name="file.encoding" value="Cp1252"/>
    <property name="java.vm.name" value="OpenJDK 64-Bit Server VM"/>
    <property name="java.vendor.version" value="Temurin-11.0.27+6"/>
    <property name="localRepository" value="C:\Users\Kevito\.m2\repository"/>
    <property name="java.vendor.url.bug" value="https://github.com/adoptium/adoptium-support/issues"/>
    <property name="java.io.tmpdir" value="C:\Users\Kevito\AppData\Local\Temp\"/>
    <property name="java.version" value="11.0.27"/>
    <property name="user.dir" value="D:\Universidad\Sistemas Integrados\Rabbit\camel-rabbit-lab"/>
    <property name="os.arch" value="amd64"/>
    <property name="java.vm.specification.name" value="Java Virtual Machine Specification"/>
    <property name="java.awt.printerjob" value="sun.awt.windows.WPrinterJob"/>
    <property name="sun.os.patch.level" value=""/>
    <property name="java.library.path" value="C:\Program Files\Eclipse Adoptium\jdk-11.0.27.6-hotspot\bin;C:\WINDOWS\Sun\Java\bin;C:\WINDOWS\system32;C:\WINDOWS;C:\Users\Kevito\bin;C:\Program Files\Git\mingw64\bin;C:\Program Files\Git\usr\local\bin;C:\Program Files\Git\usr\bin;C:\Program Files\Git\usr\bin;C:\Program Files\Git\mingw64\bin;C:\Program Files\Git\usr\bin;C:\Users\Kevito\bin;C:\Python313\Scripts;C:\Python313;C:\WINDOWS\system32;C:\WINDOWS;C:\WINDOWS\System32\Wbem;C:\WINDOWS\System32\WindowsPowerShell\v1.0;C:\WINDOWS\System32\OpenSSH;C:\Program Files\Git\cmd;C:\Program Files\Microsoft SQL Server\150\Tools\Binn;C:\Program Files\Microsoft SQL Server\Client SDK\ODBC\170\Tools\Binn;C:\Program Files\dotnet;C:\Program Files (x86)\Windows Kits\10\Windows Performance Toolkit;C:\Program Files (x86)\Microsoft SQL Server\160\Tools\Binn;C:\Program Files\Microsoft SQL Server\160\Tools\Binn;C:\Program Files\Microsoft SQL Server\160\DTS\Binn;C:\Program Files (x86)\Microsoft SQL Server\160\DTS\Binn;C:\Program Files\nodejs;C:\ProgramData\chocolatey\bin;C:\Program Files\Docker\Docker\resources\bin;C:\Program Files\maven\apache-maven-3.9.10\bin;C:\Program Files\Eclipse Adoptium\jdk-11.0.27.6-hotspot\bin;C:\Users\Kevito\AppData\Local\Microsoft\WindowsApps;C:\Users\Kevito\AppData\Local\Programs\Microsoft VS Code\bin;C:\Users\Kevito\AppData\Local\GitHubDesktop\bin;C:\Users\Kevito\.dotnet\tools;C:\Users\Kevito\AppData\Roaming\npm;C:\Program Files\maven\apache-maven-3.9.10\bin;C:\Program Files\Eclipse Adoptium\jdk-11.0.27.6-hotspot\bin;C:\Users\Kevito\AppData\Roaming\Code\User\globalStorage\github.copilot-chat\debugCommand;C:\Program Files\Git\usr\bin\vendor_perl;C:\Program Files\Git\usr\bin\core_perl;."/>
    <property name="java.vm.info" value="mixed mode"/>
    <property name="java.vendor" value="Eclipse Adoptium"/>
    <property name="java.vm.version" value="11.0.27+6"/>
    <property name="java.specification.maintenance.version" value="3"/>
    <property name="sun.io.unicode.encoding" value="UnicodeLittle"/>
    <property name="java.class.version" value="55.0"/>
  </properties>
  <testcase name="testAppRuns" classname="com.ejemplo.camel.AppTest" time="0.014"/>
</testsuite>